2020-08-10 11:01:56,526 WARN  [SoapUI] Missing folder [C:\Users\AditiArora\Desktop\Project\my-app\ext] for external libraries
2020-08-10 11:01:56,826 INFO  [DefaultSoapUICore] initialized soapui-settings from [C:\Users\AditiArora\soapui-settings.xml]
2020-08-10 11:01:57,719 WARN  [SoapUI] Plugin 'ready-uxm-plugin-os-1.0.3.jar' is not loaded because it hasn't been signed by SmartBear Software.
2020-08-10 11:01:58,536 INFO  [PluginManager] Adding plugin from [C:\Users\AditiArora\.soapuios\plugins\readyapi-postman-1.0.1.jar]
2020-08-10 11:01:58,536 INFO  [PluginManager] Adding plugin from [C:\Users\AditiArora\.soapuios\plugins\soapui-swagger-plugin-2.2-dist.jar]
2020-08-10 11:01:59,964 ERROR [SoapUI] An error occurred [com.eviware.soapui.plugins.auto.factories.AutoDiscoveryMethodFactory], see error log for details
2020-08-10 11:01:59,969 ERROR [errorlog] java.lang.ClassNotFoundException: com.eviware.soapui.plugins.auto.factories.AutoDiscoveryMethodFactory
java.lang.ClassNotFoundException: com.eviware.soapui.plugins.auto.factories.AutoDiscoveryMethodFactory
	at org.codehaus.plexus.classworlds.strategy.SelfFirstStrategy.loadClass(SelfFirstStrategy.java:50)
	at org.codehaus.plexus.classworlds.realm.ClassRealm.unsynchronizedLoadClass(ClassRealm.java:271)
	at org.codehaus.plexus.classworlds.realm.ClassRealm.loadClass(ClassRealm.java:247)
	at org.codehaus.plexus.classworlds.realm.ClassRealm.loadClass(ClassRealm.java:239)
	at java.lang.Class.forName0(Native Method)
	at java.lang.Class.forName(Class.java:264)
	at com.eviware.soapui.plugins.LoaderBase.loadAutoFactories(LoaderBase.java:113)
	at com.eviware.soapui.plugins.LoaderBase.loadFactories(LoaderBase.java:80)
	at com.eviware.soapui.plugins.PluginLoader.loadPluginFactories(PluginLoader.java:141)
	at com.eviware.soapui.plugins.PluginLoader.loadPlugin(PluginLoader.java:104)
	at com.eviware.soapui.plugins.PluginLoader.loadPlugin(PluginLoader.java:54)
	at com.eviware.soapui.plugins.PluginManager.doInstallPlugin(PluginManager.java:141)
	at com.eviware.soapui.plugins.PluginManager.access$600(PluginManager.java:43)
	at com.eviware.soapui.plugins.PluginManager$LoadPluginsTask.computeSequentially(PluginManager.java:420)
	at com.eviware.soapui.plugins.PluginManager$LoadPluginsTask.compute(PluginManager.java:377)
	at com.eviware.soapui.plugins.PluginManager$LoadPluginsTask.compute(PluginManager.java:382)
	at com.eviware.soapui.plugins.PluginManager$LoadPluginsTask.compute(PluginManager.java:365)
	at java.util.concurrent.RecursiveTask.exec(RecursiveTask.java:94)
	at java.util.concurrent.ForkJoinTask.doExec(ForkJoinTask.java:289)
	at java.util.concurrent.ForkJoinPool$WorkQueue.runTask(ForkJoinPool.java:1056)
	at java.util.concurrent.ForkJoinPool.runWorker(ForkJoinPool.java:1692)
	at java.util.concurrent.ForkJoinWorkerThread.run(ForkJoinWorkerThread.java:157)
2020-08-10 11:02:00,187 ERROR [SoapUI] An error occurred [com.eviware.soapui.plugins.auto.factories.AutoImportMethodFactory], see error log for details
2020-08-10 11:02:00,195 ERROR [errorlog] java.lang.ClassNotFoundException: com.eviware.soapui.plugins.auto.factories.AutoImportMethodFactory
java.lang.ClassNotFoundException: com.eviware.soapui.plugins.auto.factories.AutoImportMethodFactory
	at org.codehaus.plexus.classworlds.strategy.SelfFirstStrategy.loadClass(SelfFirstStrategy.java:50)
	at org.codehaus.plexus.classworlds.realm.ClassRealm.unsynchronizedLoadClass(ClassRealm.java:271)
	at org.codehaus.plexus.classworlds.realm.ClassRealm.loadClass(ClassRealm.java:247)
	at org.codehaus.plexus.classworlds.realm.ClassRealm.loadClass(ClassRealm.java:239)
	at java.lang.Class.forName0(Native Method)
	at java.lang.Class.forName(Class.java:264)
	at com.eviware.soapui.plugins.LoaderBase.loadAutoFactories(LoaderBase.java:113)
	at com.eviware.soapui.plugins.LoaderBase.loadFactories(LoaderBase.java:80)
	at com.eviware.soapui.plugins.PluginLoader.loadPluginFactories(PluginLoader.java:141)
	at com.eviware.soapui.plugins.PluginLoader.loadPlugin(PluginLoader.java:104)
	at com.eviware.soapui.plugins.PluginLoader.loadPlugin(PluginLoader.java:54)
	at com.eviware.soapui.plugins.PluginManager.doInstallPlugin(PluginManager.java:141)
	at com.eviware.soapui.plugins.PluginManager.access$600(PluginManager.java:43)
	at com.eviware.soapui.plugins.PluginManager$LoadPluginsTask.computeSequentially(PluginManager.java:420)
	at com.eviware.soapui.plugins.PluginManager$LoadPluginsTask.compute(PluginManager.java:377)
	at com.eviware.soapui.plugins.PluginManager$LoadPluginsTask.compute(PluginManager.java:382)
	at com.eviware.soapui.plugins.PluginManager$LoadPluginsTask.compute(PluginManager.java:365)
	at java.util.concurrent.RecursiveTask.exec(RecursiveTask.java:94)
	at java.util.concurrent.ForkJoinTask.doExec(ForkJoinTask.java:289)
	at java.util.concurrent.ForkJoinPool$WorkQueue.runTask(ForkJoinPool.java:1056)
	at java.util.concurrent.ForkJoinPool.runWorker(ForkJoinPool.java:1692)
	at java.util.concurrent.ForkJoinWorkerThread.run(ForkJoinWorkerThread.java:157)
2020-08-10 11:02:00,388 INFO  [PluginManager] Adding plugin from [C:\Users\AditiArora\.soapuios\plugins\ready-mqtt-plugin-dist.jar]
2020-08-10 11:02:00,414 ERROR [SoapUI] An error occurred [com.eviware.soapui.plugins.auto.factories.AutoDiscoveryMethodFactory], see error log for details
2020-08-10 11:02:00,415 ERROR [errorlog] java.lang.ClassNotFoundException: com.eviware.soapui.plugins.auto.factories.AutoDiscoveryMethodFactory
java.lang.ClassNotFoundException: com.eviware.soapui.plugins.auto.factories.AutoDiscoveryMethodFactory
	at org.codehaus.plexus.classworlds.strategy.SelfFirstStrategy.loadClass(SelfFirstStrategy.java:50)
	at org.codehaus.plexus.classworlds.realm.ClassRealm.unsynchronizedLoadClass(ClassRealm.java:271)
	at org.codehaus.plexus.classworlds.realm.ClassRealm.loadClass(ClassRealm.java:247)
	at org.codehaus.plexus.classworlds.realm.ClassRealm.loadClass(ClassRealm.java:239)
	at java.lang.Class.forName0(Native Method)
	at java.lang.Class.forName(Class.java:264)
	at com.eviware.soapui.plugins.LoaderBase.loadAutoFactories(LoaderBase.java:113)
	at com.eviware.soapui.plugins.LoaderBase.loadFactories(LoaderBase.java:80)
	at com.eviware.soapui.plugins.PluginLoader.loadPluginFactories(PluginLoader.java:141)
	at com.eviware.soapui.plugins.PluginLoader.loadPlugin(PluginLoader.java:104)
	at com.eviware.soapui.plugins.PluginLoader.loadPlugin(PluginLoader.java:54)
	at com.eviware.soapui.plugins.PluginManager.doInstallPlugin(PluginManager.java:141)
	at com.eviware.soapui.plugins.PluginManager.access$600(PluginManager.java:43)
	at com.eviware.soapui.plugins.PluginManager$LoadPluginsTask.computeSequentially(PluginManager.java:420)
	at com.eviware.soapui.plugins.PluginManager$LoadPluginsTask.compute(PluginManager.java:377)
	at com.eviware.soapui.plugins.PluginManager$LoadPluginsTask.compute(PluginManager.java:365)
	at java.util.concurrent.RecursiveTask.exec(RecursiveTask.java:94)
	at java.util.concurrent.ForkJoinTask.doExec(ForkJoinTask.java:289)
	at java.util.concurrent.ForkJoinPool$WorkQueue.runTask(ForkJoinPool.java:1056)
	at java.util.concurrent.ForkJoinPool.runWorker(ForkJoinPool.java:1692)
	at java.util.concurrent.ForkJoinWorkerThread.run(ForkJoinWorkerThread.java:157)
2020-08-10 11:02:00,589 ERROR [SoapUI] An error occurred [com.eviware.soapui.plugins.auto.factories.AutoImportMethodFactory], see error log for details
2020-08-10 11:02:00,594 ERROR [errorlog] java.lang.ClassNotFoundException: com.eviware.soapui.plugins.auto.factories.AutoImportMethodFactory
java.lang.ClassNotFoundException: com.eviware.soapui.plugins.auto.factories.AutoImportMethodFactory
	at org.codehaus.plexus.classworlds.strategy.SelfFirstStrategy.loadClass(SelfFirstStrategy.java:50)
	at org.codehaus.plexus.classworlds.realm.ClassRealm.unsynchronizedLoadClass(ClassRealm.java:271)
	at org.codehaus.plexus.classworlds.realm.ClassRealm.loadClass(ClassRealm.java:247)
	at org.codehaus.plexus.classworlds.realm.ClassRealm.loadClass(ClassRealm.java:239)
	at java.lang.Class.forName0(Native Method)
	at java.lang.Class.forName(Class.java:264)
	at com.eviware.soapui.plugins.LoaderBase.loadAutoFactories(LoaderBase.java:113)
	at com.eviware.soapui.plugins.LoaderBase.loadFactories(LoaderBase.java:80)
	at com.eviware.soapui.plugins.PluginLoader.loadPluginFactories(PluginLoader.java:141)
	at com.eviware.soapui.plugins.PluginLoader.loadPlugin(PluginLoader.java:104)
	at com.eviware.soapui.plugins.PluginLoader.loadPlugin(PluginLoader.java:54)
	at com.eviware.soapui.plugins.PluginManager.doInstallPlugin(PluginManager.java:141)
	at com.eviware.soapui.plugins.PluginManager.access$600(PluginManager.java:43)
	at com.eviware.soapui.plugins.PluginManager$LoadPluginsTask.computeSequentially(PluginManager.java:420)
	at com.eviware.soapui.plugins.PluginManager$LoadPluginsTask.compute(PluginManager.java:377)
	at com.eviware.soapui.plugins.PluginManager$LoadPluginsTask.compute(PluginManager.java:365)
	at java.util.concurrent.RecursiveTask.exec(RecursiveTask.java:94)
	at java.util.concurrent.ForkJoinTask.doExec(ForkJoinTask.java:289)
	at java.util.concurrent.ForkJoinPool$WorkQueue.runTask(ForkJoinPool.java:1056)
	at java.util.concurrent.ForkJoinPool.runWorker(ForkJoinPool.java:1692)
	at java.util.concurrent.ForkJoinWorkerThread.run(ForkJoinWorkerThread.java:157)
2020-08-10 11:02:01,164 ERROR [SoapUI] An error occurred [com.eviware.soapui.plugins.auto.factories.AutoDiscoveryMethodFactory], see error log for details
2020-08-10 11:02:01,167 ERROR [errorlog] java.lang.ClassNotFoundException: com.eviware.soapui.plugins.auto.factories.AutoDiscoveryMethodFactory
java.lang.ClassNotFoundException: com.eviware.soapui.plugins.auto.factories.AutoDiscoveryMethodFactory
	at org.codehaus.plexus.classworlds.strategy.SelfFirstStrategy.loadClass(SelfFirstStrategy.java:50)
	at org.codehaus.plexus.classworlds.realm.ClassRealm.unsynchronizedLoadClass(ClassRealm.java:271)
	at org.codehaus.plexus.classworlds.realm.ClassRealm.loadClass(ClassRealm.java:247)
	at org.codehaus.plexus.classworlds.realm.ClassRealm.loadClass(ClassRealm.java:239)
	at java.lang.Class.forName0(Native Method)
	at java.lang.Class.forName(Class.java:264)
	at com.eviware.soapui.plugins.LoaderBase.loadAutoFactories(LoaderBase.java:113)
	at com.eviware.soapui.plugins.LoaderBase.loadFactories(LoaderBase.java:80)
	at com.eviware.soapui.plugins.PluginLoader.loadPluginFactories(PluginLoader.java:141)
	at com.eviware.soapui.plugins.PluginLoader.loadPlugin(PluginLoader.java:104)
	at com.eviware.soapui.plugins.PluginLoader.loadPlugin(PluginLoader.java:54)
	at com.eviware.soapui.plugins.PluginManager.doInstallPlugin(PluginManager.java:141)
	at com.eviware.soapui.plugins.PluginManager.access$600(PluginManager.java:43)
	at com.eviware.soapui.plugins.PluginManager$LoadPluginsTask.computeSequentially(PluginManager.java:420)
	at com.eviware.soapui.plugins.PluginManager$LoadPluginsTask.compute(PluginManager.java:377)
	at com.eviware.soapui.plugins.PluginManager$LoadPluginsTask.compute(PluginManager.java:382)
	at com.eviware.soapui.plugins.PluginManager$LoadPluginsTask.compute(PluginManager.java:365)
	at java.util.concurrent.RecursiveTask.exec(RecursiveTask.java:94)
	at java.util.concurrent.ForkJoinTask.doExec(ForkJoinTask.java:289)
	at java.util.concurrent.ForkJoinPool$WorkQueue.runTask(ForkJoinPool.java:1056)
	at java.util.concurrent.ForkJoinPool.runWorker(ForkJoinPool.java:1692)
	at java.util.concurrent.ForkJoinWorkerThread.run(ForkJoinWorkerThread.java:157)
2020-08-10 11:02:01,312 ERROR [SoapUI] An error occurred [com.eviware.soapui.plugins.auto.factories.AutoImportMethodFactory], see error log for details
2020-08-10 11:02:01,313 ERROR [errorlog] java.lang.ClassNotFoundException: com.eviware.soapui.plugins.auto.factories.AutoImportMethodFactory
java.lang.ClassNotFoundException: com.eviware.soapui.plugins.auto.factories.AutoImportMethodFactory
	at org.codehaus.plexus.classworlds.strategy.SelfFirstStrategy.loadClass(SelfFirstStrategy.java:50)
	at org.codehaus.plexus.classworlds.realm.ClassRealm.unsynchronizedLoadClass(ClassRealm.java:271)
	at org.codehaus.plexus.classworlds.realm.ClassRealm.loadClass(ClassRealm.java:247)
	at org.codehaus.plexus.classworlds.realm.ClassRealm.loadClass(ClassRealm.java:239)
	at java.lang.Class.forName0(Native Method)
	at java.lang.Class.forName(Class.java:264)
	at com.eviware.soapui.plugins.LoaderBase.loadAutoFactories(LoaderBase.java:113)
	at com.eviware.soapui.plugins.LoaderBase.loadFactories(LoaderBase.java:80)
	at com.eviware.soapui.plugins.PluginLoader.loadPluginFactories(PluginLoader.java:141)
	at com.eviware.soapui.plugins.PluginLoader.loadPlugin(PluginLoader.java:104)
	at com.eviware.soapui.plugins.PluginLoader.loadPlugin(PluginLoader.java:54)
	at com.eviware.soapui.plugins.PluginManager.doInstallPlugin(PluginManager.java:141)
	at com.eviware.soapui.plugins.PluginManager.access$600(PluginManager.java:43)
	at com.eviware.soapui.plugins.PluginManager$LoadPluginsTask.computeSequentially(PluginManager.java:420)
	at com.eviware.soapui.plugins.PluginManager$LoadPluginsTask.compute(PluginManager.java:377)
	at com.eviware.soapui.plugins.PluginManager$LoadPluginsTask.compute(PluginManager.java:382)
	at com.eviware.soapui.plugins.PluginManager$LoadPluginsTask.compute(PluginManager.java:365)
	at java.util.concurrent.RecursiveTask.exec(RecursiveTask.java:94)
	at java.util.concurrent.ForkJoinTask.doExec(ForkJoinTask.java:289)
	at java.util.concurrent.ForkJoinPool$WorkQueue.runTask(ForkJoinPool.java:1056)
	at java.util.concurrent.ForkJoinPool.runWorker(ForkJoinPool.java:1692)
	at java.util.concurrent.ForkJoinWorkerThread.run(ForkJoinWorkerThread.java:157)
2020-08-10 11:02:01,449 INFO  [PluginManager] Adding plugin from [C:\Users\AditiArora\.soapuios\plugins\readyapi-swaggerhub-plugin-1.0.jar]
2020-08-10 11:02:02,027 ERROR [SoapUI] An error occurred [com.eviware.soapui.plugins.auto.factories.AutoDiscoveryMethodFactory], see error log for details
2020-08-10 11:02:02,029 ERROR [errorlog] java.lang.ClassNotFoundException: com.eviware.soapui.plugins.auto.factories.AutoDiscoveryMethodFactory
java.lang.ClassNotFoundException: com.eviware.soapui.plugins.auto.factories.AutoDiscoveryMethodFactory
	at org.codehaus.plexus.classworlds.strategy.SelfFirstStrategy.loadClass(SelfFirstStrategy.java:50)
	at org.codehaus.plexus.classworlds.realm.ClassRealm.unsynchronizedLoadClass(ClassRealm.java:271)
	at org.codehaus.plexus.classworlds.realm.ClassRealm.loadClass(ClassRealm.java:247)
	at org.codehaus.plexus.classworlds.realm.ClassRealm.loadClass(ClassRealm.java:239)
	at java.lang.Class.forName0(Native Method)
	at java.lang.Class.forName(Class.java:264)
	at com.eviware.soapui.plugins.LoaderBase.loadAutoFactories(LoaderBase.java:113)
	at com.eviware.soapui.plugins.LoaderBase.loadFactories(LoaderBase.java:80)
	at com.eviware.soapui.plugins.PluginLoader.loadPluginFactories(PluginLoader.java:141)
	at com.eviware.soapui.plugins.PluginLoader.loadPlugin(PluginLoader.java:104)
	at com.eviware.soapui.plugins.PluginLoader.loadPlugin(PluginLoader.java:54)
	at com.eviware.soapui.plugins.PluginManager.doInstallPlugin(PluginManager.java:141)
	at com.eviware.soapui.plugins.PluginManager.access$600(PluginManager.java:43)
	at com.eviware.soapui.plugins.PluginManager$LoadPluginsTask.computeSequentially(PluginManager.java:420)
	at com.eviware.soapui.plugins.PluginManager$LoadPluginsTask.compute(PluginManager.java:377)
	at com.eviware.soapui.plugins.PluginManager$LoadPluginsTask.compute(PluginManager.java:382)
	at com.eviware.soapui.plugins.PluginManager$LoadPluginsTask.compute(PluginManager.java:365)
	at java.util.concurrent.RecursiveTask.exec(RecursiveTask.java:94)
	at java.util.concurrent.ForkJoinTask.doExec(ForkJoinTask.java:289)
	at java.util.concurrent.ForkJoinPool$WorkQueue.runTask(ForkJoinPool.java:1056)
	at java.util.concurrent.ForkJoinPool.runWorker(ForkJoinPool.java:1692)
	at java.util.concurrent.ForkJoinWorkerThread.run(ForkJoinWorkerThread.java:157)
2020-08-10 11:02:02,204 ERROR [SoapUI] An error occurred [com.eviware.soapui.plugins.auto.factories.AutoImportMethodFactory], see error log for details
2020-08-10 11:02:02,209 ERROR [errorlog] java.lang.ClassNotFoundException: com.eviware.soapui.plugins.auto.factories.AutoImportMethodFactory
java.lang.ClassNotFoundException: com.eviware.soapui.plugins.auto.factories.AutoImportMethodFactory
	at org.codehaus.plexus.classworlds.strategy.SelfFirstStrategy.loadClass(SelfFirstStrategy.java:50)
	at org.codehaus.plexus.classworlds.realm.ClassRealm.unsynchronizedLoadClass(ClassRealm.java:271)
	at org.codehaus.plexus.classworlds.realm.ClassRealm.loadClass(ClassRealm.java:247)
	at org.codehaus.plexus.classworlds.realm.ClassRealm.loadClass(ClassRealm.java:239)
	at java.lang.Class.forName0(Native Method)
	at java.lang.Class.forName(Class.java:264)
	at com.eviware.soapui.plugins.LoaderBase.loadAutoFactories(LoaderBase.java:113)
	at com.eviware.soapui.plugins.LoaderBase.loadFactories(LoaderBase.java:80)
	at com.eviware.soapui.plugins.PluginLoader.loadPluginFactories(PluginLoader.java:141)
	at com.eviware.soapui.plugins.PluginLoader.loadPlugin(PluginLoader.java:104)
	at com.eviware.soapui.plugins.PluginLoader.loadPlugin(PluginLoader.java:54)
	at com.eviware.soapui.plugins.PluginManager.doInstallPlugin(PluginManager.java:141)
	at com.eviware.soapui.plugins.PluginManager.access$600(PluginManager.java:43)
	at com.eviware.soapui.plugins.PluginManager$LoadPluginsTask.computeSequentially(PluginManager.java:420)
	at com.eviware.soapui.plugins.PluginManager$LoadPluginsTask.compute(PluginManager.java:377)
	at com.eviware.soapui.plugins.PluginManager$LoadPluginsTask.compute(PluginManager.java:382)
	at com.eviware.soapui.plugins.PluginManager$LoadPluginsTask.compute(PluginManager.java:365)
	at java.util.concurrent.RecursiveTask.exec(RecursiveTask.java:94)
	at java.util.concurrent.ForkJoinTask.doExec(ForkJoinTask.java:289)
	at java.util.concurrent.ForkJoinPool$WorkQueue.runTask(ForkJoinPool.java:1056)
	at java.util.concurrent.ForkJoinPool.runWorker(ForkJoinPool.java:1692)
	at java.util.concurrent.ForkJoinWorkerThread.run(ForkJoinWorkerThread.java:157)
2020-08-10 11:02:02,375 INFO  [PluginManager] 4 plugins loaded in 3868 ms
2020-08-10 11:02:02,375 INFO  [DefaultSoapUICore] All plugins loaded
2020-08-10 11:02:03,958 INFO  [WsdlProject] Loaded project from [file:/C:/Users/AditiArora/Desktop/Project/my-app/CatalogProduct-SOAP-Project-soapui-project.xml]
2020-08-10 11:02:03,969 INFO  [SoapUITestCaseRunner] Running SoapUI tests in project [CatalogProduct SOAP Project]
2020-08-10 11:02:03,971 INFO  [SoapUITestCaseRunner] Running Project [CatalogProduct SOAP Project], runType = SEQUENTIAL
2020-08-10 11:02:04,024 INFO  [SoapUITestCaseRunner] Running SoapUI testcase [Product purchase and delete functionality]
2020-08-10 11:02:04,045 INFO  [SoapUITestCaseRunner] running step [fetching data from excel]
2020-08-10 11:02:05,608 INFO  [log] 2 and 3
2020-08-10 11:02:05,625 INFO  [log] f0rf13pxtxp7mftwc23rq6e52yvmi5um
2020-08-10 11:02:05,640 INFO  [log] SKU01012
2020-08-10 11:02:05,642 INFO  [log] Aditis-OnePlus7t phone
2020-08-10 11:02:05,790 INFO  [SoapUITestCaseRunner] running step [DatabaseConnection]
2020-08-10 11:02:07,933 INFO  [SoapUITestCaseRunner] Assertion [XPath Match] has status VALID
2020-08-10 11:02:07,934 INFO  [SoapUITestCaseRunner] Assertion [JDBC Status] has status VALID
2020-08-10 11:02:07,941 INFO  [SoapUITestCaseRunner] running step [fetching data from sql]
2020-08-10 11:02:08,168 INFO  [log] 1
2020-08-10 11:02:08,180 INFO  [log] 1
2020-08-10 11:02:08,235 INFO  [log] Product name is : Aditis-OnePlus7t phone
2020-08-10 11:02:08,238 INFO  [log] Price of product is : 50000
2020-08-10 11:02:08,239 INFO  [SoapUITestCaseRunner] running step [valuestopass]
2020-08-10 11:02:08,307 INFO  [SoapUITestCaseRunner] running step [GetListofProducts before creating new product]
2020-08-10 11:02:11,683 INFO  [SoapUITestCaseRunner] Assertion [SOAP Response] has status VALID
2020-08-10 11:02:11,691 INFO  [SoapUITestCaseRunner] running step [CreateProduct]
2020-08-10 11:02:13,609 INFO  [SoapUITestCaseRunner] Assertion [SOAP Response] has status VALID
2020-08-10 11:02:13,610 INFO  [SoapUITestCaseRunner] Assertion [Script Assertion] has status VALID
2020-08-10 11:02:13,612 INFO  [SoapUITestCaseRunner] running step [GetListofProducts]
2020-08-10 11:02:15,460 INFO  [SoapUITestCaseRunner] Assertion [SOAP Response] has status VALID
2020-08-10 11:02:15,552 INFO  [SoapUITestCaseRunner] running step [sku transfer]
2020-08-10 11:02:15,678 INFO  [SoapUITestCaseRunner] running step [GetProductById]
2020-08-10 11:02:17,458 INFO  [SoapUITestCaseRunner] Assertion [SOAP Response] has status VALID
2020-08-10 11:02:17,542 INFO  [SoapUITestCaseRunner] running step [DeleteProductById]
2020-08-10 11:02:19,242 INFO  [SoapUITestCaseRunner] Assertion [SOAP Response] has status VALID
2020-08-10 11:02:19,260 INFO  [SoapUITestCaseRunner] Finished running SoapUI testcase [Product purchase and delete functionality], time taken: 14240ms, status: FINISHED
2020-08-10 11:02:19,492 INFO  [SoapUITestCaseRunner] Running SoapUI testcase [System Testing]
2020-08-10 11:02:19,498 INFO  [SoapUITestCaseRunner] running step [Script to run the functionality]
2020-08-10 11:02:19,647 INFO  [SoapUITestCaseRunner] Running SoapUI testcase [Product purchase and delete functionality]
2020-08-10 11:02:19,672 INFO  [SoapUITestCaseRunner] running step [fetching data from excel]
2020-08-10 11:02:20,564 INFO  [log] 2 and 3
2020-08-10 11:02:20,579 INFO  [log] f0rf13pxtxp7mftwc23rq6e52yvmi5um
2020-08-10 11:02:20,594 INFO  [log] SKU01012
2020-08-10 11:02:20,610 INFO  [log] Aditis-OnePlus7t phone
2020-08-10 11:02:20,617 INFO  [SoapUITestCaseRunner] running step [DatabaseConnection]
2020-08-10 11:02:20,709 INFO  [SoapUITestCaseRunner] Assertion [XPath Match] has status VALID
2020-08-10 11:02:20,742 INFO  [SoapUITestCaseRunner] Assertion [JDBC Status] has status VALID
2020-08-10 11:02:20,752 INFO  [SoapUITestCaseRunner] running step [fetching data from sql]
2020-08-10 11:02:20,764 INFO  [log] 1
2020-08-10 11:02:20,766 INFO  [log] 1
2020-08-10 11:02:20,803 INFO  [log] Product name is : Aditis-OnePlus7t phone
2020-08-10 11:02:20,823 INFO  [log] Price of product is : 50000
2020-08-10 11:02:20,826 INFO  [SoapUITestCaseRunner] running step [valuestopass]
2020-08-10 11:02:20,852 INFO  [SoapUITestCaseRunner] running step [GetListofProducts before creating new product]
2020-08-10 11:02:22,815 INFO  [SoapUITestCaseRunner] Assertion [SOAP Response] has status VALID
2020-08-10 11:02:22,852 INFO  [SoapUITestCaseRunner] running step [CreateProduct]
2020-08-10 11:02:24,326 INFO  [SoapUITestCaseRunner] Assertion [SOAP Response] has status VALID
2020-08-10 11:02:24,327 INFO  [SoapUITestCaseRunner] Assertion [Script Assertion] has status VALID
2020-08-10 11:02:24,328 INFO  [SoapUITestCaseRunner] running step [GetListofProducts]
2020-08-10 11:02:25,591 INFO  [SoapUITestCaseRunner] Assertion [SOAP Response] has status VALID
2020-08-10 11:02:25,630 INFO  [SoapUITestCaseRunner] running step [sku transfer]
2020-08-10 11:02:25,661 INFO  [SoapUITestCaseRunner] running step [GetProductById]
2020-08-10 11:02:26,609 INFO  [SoapUITestCaseRunner] Assertion [SOAP Response] has status VALID
2020-08-10 11:02:26,611 INFO  [SoapUITestCaseRunner] running step [DeleteProductById]
2020-08-10 11:02:27,714 INFO  [SoapUITestCaseRunner] Assertion [SOAP Response] has status VALID
2020-08-10 11:02:27,715 INFO  [SoapUITestCaseRunner] Finished running SoapUI testcase [Product purchase and delete functionality], time taken: 7739ms, status: FINISHED
2020-08-10 11:02:27,717 INFO  [log] Status: FINISHED, time taken for TestCase was: 7739 ms
2020-08-10 11:02:27,736 INFO  [log] Number of test steps which ran: 10
2020-08-10 11:02:27,744 INFO  [SoapUITestCaseRunner] Finished running SoapUI testcase [System Testing], time taken: 8225ms, status: FINISHED
2020-08-10 11:02:27,750 INFO  [SoapUITestCaseRunner] Project [CatalogProduct SOAP Project] finished with status [FINISHED] in 23767ms
2020-08-10 11:11:39,340 WARN  [Tools] Could not delete temporary directory C:\Users\ADITIA~1\AppData\Local\Temp\17279044-50b1-42ea-a650-5f800bb7d2ba
2020-08-10 11:11:39,349 WARN  [Tools] Could not delete temporary directory C:\Users\ADITIA~1\AppData\Local\Temp\a8669a03-d048-40c5-b822-7ea8d63f2752
